<?xml version="1.0" encoding="UTF-8"?>
<testng-results skipped="0" failed="1" total="1" passed="0">
  <reporter-output>
  </reporter-output>
  <suite name="Default suite" duration-ms="98580" started-at="2015-09-28T09:07:47Z" finished-at="2015-09-28T09:09:26Z">
    <groups>
    </groups>
    <test name="Default test" duration-ms="98580" started-at="2015-09-28T09:07:47Z" finished-at="2015-09-28T09:09:26Z">
      <class name="example.NewTest">
        <test-method status="PASS" signature="setUp()[pri:0, instance:example.NewTest@ea4a92b]" name="setUp" is-config="true" duration-ms="12433" started-at="2015-09-28T10:07:47Z" finished-at="2015-09-28T10:07:59Z">
          <reporter-output>
          </reporter-output>
        </test-method> <!-- setUp -->
        <test-method status="FAIL" signature="appiumExampleTest()[pri:0, instance:example.NewTest@ea4a92b]" name="appiumExampleTest" duration-ms="84788" started-at="2015-09-28T10:08:00Z" finished-at="2015-09-28T10:09:24Z">
          <exception class="org.openqa.selenium.NoSuchElementException">
            <message>
              <![CDATA[An element could not be located on the page using the given search parameters. (WARNING: The server did not provide any stacktrace information)
Command duration or timeout: 80.42 seconds
For documentation on this error, please visit: http://seleniumhq.org/exceptions/no_such_element.html
Build info: version: '2.47.1', revision: 'unknown', time: '2015-07-30 11:02:44'
System info: host: 'ldswks-sbx01', ip: '127.0.1.1', os.name: 'Linux', os.arch: 'amd64', os.version: '3.19.0-28-generic', java.version: '1.8.0_60'
Driver info: org.openqa.selenium.remote.RemoteWebDriver
Capabilities [{app=//home//administator//Downloads//app-release.apk, networkConnectionEnabled=true, warnings={}, app-package=com.example.danielbaranowski.simpleappiumapp, app-activity=com.example.danielbaranowski.simpleappiumapp.MainActivity, databaseEnabled=false, deviceName=192.168.56.102:5555, platform=LINUX, desired={app=//home//administator//Downloads//app-release.apk, app-package=com.example.danielbaranowski.simpleappiumapp, app-activity=com.example.danielbaranowski.simpleappiumapp.MainActivity, platformName=Android, deviceName=device}, platformVersion=4.2.2, webStorageEnabled=false, locationContextEnabled=false, browserName=Android, takesScreenshot=true, javascriptEnabled=true, platformName=Android}]
Session ID: d914b5de-f85e-4a81-8aad-321bd9c2a894
*** Element info: {Using=name, value=Button1}]]>
            </message>
            <full-stacktrace>
              <![CDATA[org.openqa.selenium.NoSuchElementException: An element could not be located on the page using the given search parameters. (WARNING: The server did not provide any stacktrace information)
Command duration or timeout: 80.42 seconds
For documentation on this error, please visit: http://seleniumhq.org/exceptions/no_such_element.html
Build info: version: '2.47.1', revision: 'unknown', time: '2015-07-30 11:02:44'
System info: host: 'ldswks-sbx01', ip: '127.0.1.1', os.name: 'Linux', os.arch: 'amd64', os.version: '3.19.0-28-generic', java.version: '1.8.0_60'
Driver info: org.openqa.selenium.remote.RemoteWebDriver
Capabilities [{app=//home//administator//Downloads//app-release.apk, networkConnectionEnabled=true, warnings={}, app-package=com.example.danielbaranowski.simpleappiumapp, app-activity=com.example.danielbaranowski.simpleappiumapp.MainActivity, databaseEnabled=false, deviceName=192.168.56.102:5555, platform=LINUX, desired={app=//home//administator//Downloads//app-release.apk, app-package=com.example.danielbaranowski.simpleappiumapp, app-activity=com.example.danielbaranowski.simpleappiumapp.MainActivity, platformName=Android, deviceName=device}, platformVersion=4.2.2, webStorageEnabled=false, locationContextEnabled=false, browserName=Android, takesScreenshot=true, javascriptEnabled=true, platformName=Android}]
Session ID: d914b5de-f85e-4a81-8aad-321bd9c2a894
*** Element info: {Using=name, value=Button1}
	at sun.reflect.NativeConstructorAccessorImpl.newInstance0(Native Method)
	at sun.reflect.NativeConstructorAccessorImpl.newInstance(NativeConstructorAccessorImpl.java:62)
	at sun.reflect.DelegatingConstructorAccessorImpl.newInstance(DelegatingConstructorAccessorImpl.java:45)
	at java.lang.reflect.Constructor.newInstance(Constructor.java:422)
	at org.openqa.selenium.remote.ErrorHandler.createThrowable(ErrorHandler.java:206)
	at org.openqa.selenium.remote.ErrorHandler.throwIfResponseFailed(ErrorHandler.java:158)
	at org.openqa.selenium.remote.RemoteWebDriver.execute(RemoteWebDriver.java:595)
	at org.openqa.selenium.remote.RemoteWebDriver.findElement(RemoteWebDriver.java:348)
	at org.openqa.selenium.remote.RemoteWebDriver.findElementByName(RemoteWebDriver.java:421)
	at org.openqa.selenium.By$ByName.findElement(By.java:300)
	at org.openqa.selenium.remote.RemoteWebDriver.findElement(RemoteWebDriver.java:340)
	at example.NewTest.appiumExampleTest(NewTest.java:42)
	at sun.reflect.NativeMethodAccessorImpl.invoke0(Native Method)
	at sun.reflect.NativeMethodAccessorImpl.invoke(NativeMethodAccessorImpl.java:62)
	at sun.reflect.DelegatingMethodAccessorImpl.invoke(DelegatingMethodAccessorImpl.java:43)
	at java.lang.reflect.Method.invoke(Method.java:497)
	at org.testng.internal.MethodInvocationHelper.invokeMethod(MethodInvocationHelper.java:80)
	at org.testng.internal.Invoker.invokeMethod(Invoker.java:714)
	at org.testng.internal.Invoker.invokeTestMethod(Invoker.java:901)
	at org.testng.internal.Invoker.invokeTestMethods(Invoker.java:1231)
	at org.testng.internal.TestMethodWorker.invokeTestMethods(TestMethodWorker.java:127)
	at org.testng.internal.TestMethodWorker.run(TestMethodWorker.java:111)
	at org.testng.TestRunner.privateRun(TestRunner.java:767)
	at org.testng.TestRunner.run(TestRunner.java:617)
	at org.testng.SuiteRunner.runTest(SuiteRunner.java:334)
	at org.testng.SuiteRunner.runSequentially(SuiteRunner.java:329)
	at org.testng.SuiteRunner.privateRun(SuiteRunner.java:291)
	at org.testng.SuiteRunner.run(SuiteRunner.java:240)
	at org.testng.SuiteRunnerWorker.runSuite(SuiteRunnerWorker.java:52)
	at org.testng.SuiteRunnerWorker.run(SuiteRunnerWorker.java:86)
	at org.testng.TestNG.runSuitesSequentially(TestNG.java:1198)
	at org.testng.TestNG.runSuitesLocally(TestNG.java:1123)
	at org.testng.TestNG.run(TestNG.java:1031)
	at org.testng.remote.RemoteTestNG.run(RemoteTestNG.java:111)
	at org.testng.remote.RemoteTestNG.initAndRun(RemoteTestNG.java:204)
	at org.testng.remote.RemoteTestNG.main(RemoteTestNG.java:175)
]]>
            </full-stacktrace>
          </exception> <!-- org.openqa.selenium.NoSuchElementException -->
          <reporter-output>
          </reporter-output>
        </test-method> <!-- appiumExampleTest -->
        <test-method status="PASS" signature="tearDown()[pri:0, instance:example.NewTest@ea4a92b]" name="tearDown" is-config="true" duration-ms="1326" started-at="2015-09-28T10:09:24Z" finished-at="2015-09-28T10:09:26Z">
          <reporter-output>
          </reporter-output>
        </test-method> <!-- tearDown -->
      </class> <!-- example.NewTest -->
    </test> <!-- Default test -->
  </suite> <!-- Default suite -->
</testng-results>
